c:\users\might\source\repos\flocking_example\flocking_example\x64\debug\vc142.pdb
c:\users\might\source\repos\flocking_example\flocking_example\x64\debug\vc142.idb
c:\users\might\source\repos\flocking_example\flocking_example\x64\debug\simulator.obj
c:\users\might\source\repos\flocking_example\flocking_example\x64\debug\environment.obj
c:\users\might\source\repos\flocking_example\flocking_example\x64\debug\controllingagent.obj
c:\users\might\source\repos\flocking_example\flocking_example\x64\debug\basic.obj
c:\users\might\source\repos\flocking_example\flocking_example\x64\debug\agent.obj
c:\users\might\source\repos\flocking_example\x64\debug\flocking_example.pdb
c:\users\might\source\repos\flocking_example\flocking_example\x64\debug\flocking_example.tlog\cl.command.1.tlog
c:\users\might\source\repos\flocking_example\flocking_example\x64\debug\flocking_example.tlog\cl.read.1.tlog
c:\users\might\source\repos\flocking_example\flocking_example\x64\debug\flocking_example.tlog\cl.write.1.tlog
c:\users\might\source\repos\flocking_example\flocking_example\x64\debug\flocking_example.tlog\link.16648-cvtres.read.1.tlog
c:\users\might\source\repos\flocking_example\flocking_example\x64\debug\flocking_example.tlog\link.16648-cvtres.write.1.tlog
c:\users\might\source\repos\flocking_example\flocking_example\x64\debug\flocking_example.tlog\link.16648-rc.read.1.tlog
c:\users\might\source\repos\flocking_example\flocking_example\x64\debug\flocking_example.tlog\link.16648-rc.write.1.tlog
c:\users\might\source\repos\flocking_example\flocking_example\x64\debug\flocking_example.tlog\link.16648.read.1.tlog
c:\users\might\source\repos\flocking_example\flocking_example\x64\debug\flocking_example.tlog\link.16648.write.1.tlog
c:\users\might\source\repos\flocking_example\flocking_example\x64\debug\flocking_example.tlog\link.command.1.tlog
c:\users\might\source\repos\flocking_example\flocking_example\x64\debug\flocking_example.tlog\link.read.1.tlog
c:\users\might\source\repos\flocking_example\flocking_example\x64\debug\flocking_example.tlog\link.write.1.tlog
